<?xml version="1.0" encoding="UTF-8"?>
<!-- Generated by org.testng.reporters.JUnitXMLReporter -->
<testsuite ignored="0" hostname="DESKTOP-O8I3D2G" failures="0" tests="3" name="Submit Order Test" time="35.181" errors="0" timestamp="2023-06-02T13:47:48 EEST">
  <testcase classname="org.rahulshetty.Tests.SubmitOrderTest" name="submitOrderTest" time="14.987"/>
  <testcase classname="org.rahulshetty.Tests.SubmitOrderTest" name="submitOrderTest" time="9.979"/>
  <testcase classname="org.rahulshetty.Tests.SubmitOrderTest" name="orderHistoryTest" time="0.721"/>
</testsuite> <!-- Submit Order Test -->
